<?xml version="1.0" encoding="UTF-8"?>
<testsuite xmlns:xsi="http://www.w3.org/2001/XMLSchema-instance" xsi:noNamespaceSchemaLocation="https://maven.apache.org/surefire/maven-surefire-plugin/xsd/surefire-test-report-3.0.xsd" version="3.0" name="br.com.spring.api.exemplo.gateway.GatewayApplicationTests" time="6.988" tests="1" errors="0" skipped="0" failures="0">
  <properties>
[...]
</properties>
  <testcase name="contextLoads" classname="br.com.spring.api.exemplo.gateway.GatewayApplicationTests" time="1.284">
    <system-out><![CDATA[21:16:31.023 [main] INFO org.springframework.test.context.support.AnnotationConfigContextLoaderUtils -- Could not detect default configuration classes for test class [br.com.spring.api.exemplo.gateway.GatewayApplicationTests]: GatewayApplicationTests does not declare any static, non-private, non-final, nested classes annotated with @Configuration.
21:16:31.210 [main] INFO org.springframework.boot.test.context.SpringBootTestContextBootstrapper -- Found @SpringBootConfiguration br.com.spring.api.exemplo.gateway.GatewayApplication for test class br.com.spring.api.exemplo.gateway.GatewayApplicationTests

  .   ____          _            __ _ _
 /\\ / ___'_ __ _ _(_)_ __  __ _ \ \ \ \
( ( )\___ | '_ | '_| | '_ \/ _` | \ \ \ \
 \\/  ___)| |_)| | | | | || (_| |  ) ) ) )
  '  |____| .__|_| |_|_| |_\__, | / / / /
 =========|_|==============|___/=/_/_/_/
 :: Spring Boot ::                (v3.1.5)

2023-11-06T21:16:32.292-03:00  INFO 16376 --- [           main] b.c.s.a.e.g.GatewayApplicationTests      : Starting GatewayApplicationTests using Java 20.0.2 with PID 16376 (started by oem in /home/oem/Workspace/spring-api-gateway)
2023-11-06T21:16:32.295-03:00  INFO 16376 --- [           main] b.c.s.a.e.g.GatewayApplicationTests      : No active profile set, falling back to 1 default profile: "default"
2023-11-06T21:16:34.344-03:00  INFO 16376 --- [           main] o.s.cloud.context.scope.GenericScope     : BeanFactory id=61672802-91a9-3d52-ae7e-3d5c9be61798
2023-11-06T21:16:35.756-03:00  INFO 16376 --- [           main] o.s.c.g.r.RouteDefinitionRouteLocator    : Loaded RoutePredicateFactory [After]
2023-11-06T21:16:35.756-03:00  INFO 16376 --- [           main] o.s.c.g.r.RouteDefinitionRouteLocator    : Loaded RoutePredicateFactory [Before]
2023-11-06T21:16:35.756-03:00  INFO 16376 --- [           main] o.s.c.g.r.RouteDefinitionRouteLocator    : Loaded RoutePredicateFactory [Between]
2023-11-06T21:16:35.757-03:00  INFO 16376 --- [           main] o.s.c.g.r.RouteDefinitionRouteLocator    : Loaded RoutePredicateFactory [Cookie]
2023-11-06T21:16:35.757-03:00  INFO 16376 --- [           main] o.s.c.g.r.RouteDefinitionRouteLocator    : Loaded RoutePredicateFactory [Header]
2023-11-06T21:16:35.757-03:00  INFO 16376 --- [           main] o.s.c.g.r.RouteDefinitionRouteLocator    : Loaded RoutePredicateFactory [Host]
2023-11-06T21:16:35.757-03:00  INFO 16376 --- [           main] o.s.c.g.r.RouteDefinitionRouteLocator    : Loaded RoutePredicateFactory [Method]
2023-11-06T21:16:35.757-03:00  INFO 16376 --- [           main] o.s.c.g.r.RouteDefinitionRouteLocator    : Loaded RoutePredicateFactory [Path]
2023-11-06T21:16:35.758-03:00  INFO 16376 --- [           main] o.s.c.g.r.RouteDefinitionRouteLocator    : Loaded RoutePredicateFactory [Query]
2023-11-06T21:16:35.758-03:00  INFO 16376 --- [           main] o.s.c.g.r.RouteDefinitionRouteLocator    : Loaded RoutePredicateFactory [ReadBody]
2023-11-06T21:16:35.758-03:00  INFO 16376 --- [           main] o.s.c.g.r.RouteDefinitionRouteLocator    : Loaded RoutePredicateFactory [RemoteAddr]
2023-11-06T21:16:35.758-03:00  INFO 16376 --- [           main] o.s.c.g.r.RouteDefinitionRouteLocator    : Loaded RoutePredicateFactory [XForwardedRemoteAddr]
2023-11-06T21:16:35.758-03:00  INFO 16376 --- [           main] o.s.c.g.r.RouteDefinitionRouteLocator    : Loaded RoutePredicateFactory [Weight]
2023-11-06T21:16:35.759-03:00  INFO 16376 --- [           main] o.s.c.g.r.RouteDefinitionRouteLocator    : Loaded RoutePredicateFactory [CloudFoundryRouteService]
2023-11-06T21:16:36.389-03:00  INFO 16376 --- [           main] b.c.s.a.e.g.GatewayApplicationTests      : Started GatewayApplicationTests in 4.915 seconds (process running for 7.373)
]]></system-out>
  </testcase>
</testsuite>